build/app/intermediates/manifest_merge_blame_file/release/manifest-merger-blame-release-report.txt
1<?xml version="1.0" encoding="utf-8"?>
2<manifest xmlns:android="http://schemas.android.com/apk/res/android"
3    package="com.example.rick_morty_test"
4    android:versionCode="1"
5    android:versionName="1.0.0" >
6
7    <uses-sdk
8        android:minSdkVersion="19"
8-->src/main/AndroidManifest.xml
9        android:targetSdkVersion="33" />
9-->src/main/AndroidManifest.xml
10
11    <uses-permission android:name="android.permission.INTERNET" />
11-->[:firebase_messaging] AndroidManifest.xml:9:5-67
11-->[:firebase_messaging] AndroidManifest.xml:9:22-64
12    <uses-permission android:name="android.permission.WAKE_LOCK" />
12-->[:firebase_messaging] AndroidManifest.xml:10:5-68
12-->[:firebase_messaging] AndroidManifest.xml:10:22-65
13    <uses-permission android:name="android.permission.ACCESS_NETWORK_STATE" /> <!-- Permissions options for the `notification` group -->
13-->[:firebase_messaging] AndroidManifest.xml:11:5-79
13-->[:firebase_messaging] AndroidManifest.xml:11:22-76
14    <uses-permission android:name="android.permission.POST_NOTIFICATIONS" /> <!-- Required by older versions of Google Play services to create IID tokens -->
14-->[:firebase_messaging] AndroidManifest.xml:13:5-77
14-->[:firebase_messaging] AndroidManifest.xml:13:22-74
15    <uses-permission android:name="com.google.android.c2dm.permission.RECEIVE" />
15-->[com.google.firebase:firebase-messaging:23.1.2] AndroidManifest.xml:28:5-82
15-->[com.google.firebase:firebase-messaging:23.1.2] AndroidManifest.xml:28:22-79
16
17    <application
18        android:name="android.app.Application"
18-->src/main/AndroidManifest.xml:6:9-42
19        android:appComponentFactory="androidx.core.app.CoreComponentFactory"
19-->[androidx.core:core:1.6.0] AndroidManifest.xml:24:18-86
20        android:icon="@mipmap/ic_launcher"
20-->src/main/AndroidManifest.xml:7:9-43
21        android:label="rick_morty_test" >
21-->src/main/AndroidManifest.xml:5:9-40
22        <activity
22-->src/main/AndroidManifest.xml:8:9-32:20
23            android:name="com.example.rick_morty_test.MainActivity"
23-->src/main/AndroidManifest.xml:9:13-41
24            android:configChanges="orientation|keyboardHidden|keyboard|screenSize|smallestScreenSize|locale|layoutDirection|fontScale|screenLayout|density|uiMode"
24-->src/main/AndroidManifest.xml:13:13-163
25            android:exported="true"
25-->src/main/AndroidManifest.xml:10:13-36
26            android:hardwareAccelerated="true"
26-->src/main/AndroidManifest.xml:14:13-47
27            android:launchMode="singleTop"
27-->src/main/AndroidManifest.xml:11:13-43
28            android:theme="@style/LaunchTheme"
28-->src/main/AndroidManifest.xml:12:13-47
29            android:windowSoftInputMode="adjustResize" >
29-->src/main/AndroidManifest.xml:15:13-55
30
31            <!--
32                 Specifies an Android theme to apply to this Activity as soon as
33                 the Android process has started. This theme is visible to the user
34                 while the Flutter UI initializes. After that, this theme continues
35                 to determine the Window background behind the Flutter UI.
36            -->
37            <meta-data
37-->src/main/AndroidManifest.xml:20:13-22:57
38                android:name="io.flutter.embedding.android.NormalTheme"
38-->src/main/AndroidManifest.xml:21:17-72
39                android:resource="@style/NormalTheme" />
39-->src/main/AndroidManifest.xml:22:17-54
40
41            <intent-filter>
41-->src/main/AndroidManifest.xml:24:13-27:29
42                <action android:name="android.intent.action.MAIN" />
42-->src/main/AndroidManifest.xml:25:17-69
42-->src/main/AndroidManifest.xml:25:25-66
43
44                <category android:name="android.intent.category.LAUNCHER" />
44-->src/main/AndroidManifest.xml:26:17-77
44-->src/main/AndroidManifest.xml:26:27-74
45            </intent-filter>
46            <intent-filter>
46-->src/main/AndroidManifest.xml:28:13-31:29
47                <action android:name="FLUTTER_NOTIFICATION_CLICK" />
47-->src/main/AndroidManifest.xml:29:17-69
47-->src/main/AndroidManifest.xml:29:25-66
48
49                <category android:name="android.intent.category.DEFAULT" />
49-->src/main/AndroidManifest.xml:30:17-76
49-->src/main/AndroidManifest.xml:30:27-73
50            </intent-filter>
51        </activity>
52        <!--
53             Don't delete the meta-data below.
54             This is used by the Flutter tool to generate GeneratedPluginRegistrant.java
55        -->
56        <meta-data
56-->src/main/AndroidManifest.xml:35:9-37:33
57            android:name="flutterEmbedding"
57-->src/main/AndroidManifest.xml:36:13-44
58            android:value="2" />
58-->src/main/AndroidManifest.xml:37:13-30
59        <meta-data
59-->src/main/AndroidManifest.xml:38:9-40:57
60            android:name="com.google.firebase.messaging.default_notification_icon"
60-->src/main/AndroidManifest.xml:39:13-83
61            android:resource="@drawable/ic_stat_name" />
61-->src/main/AndroidManifest.xml:40:13-54
62        <meta-data
62-->src/main/AndroidManifest.xml:41:9-43:46
63            android:name="com.google.firebase.messaging.default_notification_channel_id"
63-->src/main/AndroidManifest.xml:42:13-89
64            android:value="channel_id_app" />
64-->src/main/AndroidManifest.xml:43:13-43
65
66        <service
66-->[:firebase_messaging] AndroidManifest.xml:16:9-19:72
67            android:name="io.flutter.plugins.firebase.messaging.FlutterFirebaseMessagingBackgroundService"
67-->[:firebase_messaging] AndroidManifest.xml:17:13-107
68            android:exported="false"
68-->[:firebase_messaging] AndroidManifest.xml:18:13-37
69            android:permission="android.permission.BIND_JOB_SERVICE" />
69-->[:firebase_messaging] AndroidManifest.xml:19:13-69
70        <service
70-->[:firebase_messaging] AndroidManifest.xml:20:9-26:19
71            android:name="io.flutter.plugins.firebase.messaging.FlutterFirebaseMessagingService"
71-->[:firebase_messaging] AndroidManifest.xml:21:13-97
72            android:exported="false" >
72-->[:firebase_messaging] AndroidManifest.xml:22:13-37
73            <intent-filter>
73-->[:firebase_messaging] AndroidManifest.xml:23:13-25:29
74                <action android:name="com.google.firebase.MESSAGING_EVENT" />
74-->[:firebase_messaging] AndroidManifest.xml:24:17-78
74-->[:firebase_messaging] AndroidManifest.xml:24:25-75
75            </intent-filter>
76        </service>
77
78        <receiver
78-->[:firebase_messaging] AndroidManifest.xml:28:9-35:20
79            android:name="io.flutter.plugins.firebase.messaging.FlutterFirebaseMessagingReceiver"
79-->[:firebase_messaging] AndroidManifest.xml:29:13-98
80            android:exported="true"
80-->[:firebase_messaging] AndroidManifest.xml:30:13-36
81            android:permission="com.google.android.c2dm.permission.SEND" >
81-->[:firebase_messaging] AndroidManifest.xml:31:13-73
82            <intent-filter>
82-->[:firebase_messaging] AndroidManifest.xml:32:13-34:29
83                <action android:name="com.google.android.c2dm.intent.RECEIVE" />
83-->[:firebase_messaging] AndroidManifest.xml:33:17-81
83-->[:firebase_messaging] AndroidManifest.xml:33:25-78
84            </intent-filter>
85        </receiver>
86
87        <service
87-->[:firebase_messaging] AndroidManifest.xml:37:9-41:19
88            android:name="com.google.firebase.components.ComponentDiscoveryService"
88-->[:firebase_messaging] AndroidManifest.xml:37:18-89
89            android:directBootAware="true"
89-->[com.google.firebase:firebase-common:20.3.2] AndroidManifest.xml:34:13-43
90            android:exported="false" >
90-->[com.google.firebase:firebase-messaging:23.1.2] AndroidManifest.xml:54:13-37
91            <meta-data
91-->[:firebase_messaging] AndroidManifest.xml:38:13-40:85
92                android:name="com.google.firebase.components:io.flutter.plugins.firebase.messaging.FlutterFirebaseAppRegistrar"
92-->[:firebase_messaging] AndroidManifest.xml:39:17-128
93                android:value="com.google.firebase.components.ComponentRegistrar" />
93-->[:firebase_messaging] AndroidManifest.xml:40:17-82
94            <meta-data
94-->[:firebase_core] AndroidManifest.xml:11:13-13:85
95                android:name="com.google.firebase.components:io.flutter.plugins.firebase.core.FlutterFirebaseCoreRegistrar"
95-->[:firebase_core] AndroidManifest.xml:12:17-124
96                android:value="com.google.firebase.components.ComponentRegistrar" />
96-->[:firebase_core] AndroidManifest.xml:13:17-82
97            <meta-data
97-->[com.google.firebase:firebase-messaging:23.1.2] AndroidManifest.xml:55:13-57:85
98                android:name="com.google.firebase.components:com.google.firebase.messaging.FirebaseMessagingRegistrar"
98-->[com.google.firebase:firebase-messaging:23.1.2] AndroidManifest.xml:56:17-119
99                android:value="com.google.firebase.components.ComponentRegistrar" />
99-->[com.google.firebase:firebase-messaging:23.1.2] AndroidManifest.xml:57:17-82
100            <meta-data
100-->[com.google.firebase:firebase-datatransport:18.1.7] AndroidManifest.xml:27:13-29:85
101                android:name="com.google.firebase.components:com.google.firebase.datatransport.TransportRegistrar"
101-->[com.google.firebase:firebase-datatransport:18.1.7] AndroidManifest.xml:28:17-115
102                android:value="com.google.firebase.components.ComponentRegistrar" />
102-->[com.google.firebase:firebase-datatransport:18.1.7] AndroidManifest.xml:29:17-82
103            <meta-data
103-->[com.google.firebase:firebase-iid:21.1.0] AndroidManifest.xml:32:13-34:85
104                android:name="com.google.firebase.components:com.google.firebase.iid.Registrar"
104-->[com.google.firebase:firebase-iid:21.1.0] AndroidManifest.xml:33:17-96
105                android:value="com.google.firebase.components.ComponentRegistrar" />
105-->[com.google.firebase:firebase-iid:21.1.0] AndroidManifest.xml:34:17-82
106            <meta-data
106-->[com.google.firebase:firebase-installations:17.1.3] AndroidManifest.xml:17:13-19:85
107                android:name="com.google.firebase.components:com.google.firebase.installations.FirebaseInstallationsRegistrar"
107-->[com.google.firebase:firebase-installations:17.1.3] AndroidManifest.xml:18:17-127
108                android:value="com.google.firebase.components.ComponentRegistrar" />
108-->[com.google.firebase:firebase-installations:17.1.3] AndroidManifest.xml:19:17-82
109        </service>
110
111        <provider
111-->[:firebase_messaging] AndroidManifest.xml:43:9-47:38
112            android:name="io.flutter.plugins.firebase.messaging.FlutterFirebaseMessagingInitProvider"
112-->[:firebase_messaging] AndroidManifest.xml:44:13-102
113            android:authorities="com.example.rick_morty_test.flutterfirebasemessaginginitprovider"
113-->[:firebase_messaging] AndroidManifest.xml:45:13-88
114            android:exported="false"
114-->[:firebase_messaging] AndroidManifest.xml:46:13-37
115            android:initOrder="99" />
115-->[:firebase_messaging] AndroidManifest.xml:47:13-35
116
117        <uses-library
117-->[androidx.window:window:1.0.0-beta04] AndroidManifest.xml:25:9-27:40
118            android:name="androidx.window.extensions"
118-->[androidx.window:window:1.0.0-beta04] AndroidManifest.xml:26:13-54
119            android:required="false" />
119-->[androidx.window:window:1.0.0-beta04] AndroidManifest.xml:27:13-37
120        <uses-library
120-->[androidx.window:window:1.0.0-beta04] AndroidManifest.xml:28:9-30:40
121            android:name="androidx.window.sidecar"
121-->[androidx.window:window:1.0.0-beta04] AndroidManifest.xml:29:13-51
122            android:required="false" />
122-->[androidx.window:window:1.0.0-beta04] AndroidManifest.xml:30:13-37
123
124        <receiver
124-->[com.google.firebase:firebase-messaging:23.1.2] AndroidManifest.xml:31:9-38:20
125            android:name="com.google.firebase.iid.FirebaseInstanceIdReceiver"
125-->[com.google.firebase:firebase-messaging:23.1.2] AndroidManifest.xml:32:13-78
126            android:exported="true"
126-->[com.google.firebase:firebase-messaging:23.1.2] AndroidManifest.xml:33:13-36
127            android:permission="com.google.android.c2dm.permission.SEND" >
127-->[com.google.firebase:firebase-messaging:23.1.2] AndroidManifest.xml:34:13-73
128            <intent-filter>
128-->[:firebase_messaging] AndroidManifest.xml:32:13-34:29
129                <action android:name="com.google.android.c2dm.intent.RECEIVE" />
129-->[:firebase_messaging] AndroidManifest.xml:33:17-81
129-->[:firebase_messaging] AndroidManifest.xml:33:25-78
130            </intent-filter>
131        </receiver>
132        <!--
133             FirebaseMessagingService performs security checks at runtime,
134             but set to not exported to explicitly avoid allowing another app to call it.
135        -->
136        <service
136-->[com.google.firebase:firebase-messaging:23.1.2] AndroidManifest.xml:44:9-51:19
137            android:name="com.google.firebase.messaging.FirebaseMessagingService"
137-->[com.google.firebase:firebase-messaging:23.1.2] AndroidManifest.xml:45:13-82
138            android:directBootAware="true"
138-->[com.google.firebase:firebase-messaging:23.1.2] AndroidManifest.xml:46:13-43
139            android:exported="false" >
139-->[com.google.firebase:firebase-messaging:23.1.2] AndroidManifest.xml:47:13-37
140            <intent-filter android:priority="-500" >
140-->[:firebase_messaging] AndroidManifest.xml:23:13-25:29
141                <action android:name="com.google.firebase.MESSAGING_EVENT" />
141-->[:firebase_messaging] AndroidManifest.xml:24:17-78
141-->[:firebase_messaging] AndroidManifest.xml:24:25-75
142            </intent-filter>
143        </service>
144        <service
144-->[com.google.android.datatransport:transport-backend-cct:3.1.8] AndroidManifest.xml:28:9-34:19
145            android:name="com.google.android.datatransport.runtime.backends.TransportBackendDiscovery"
145-->[com.google.android.datatransport:transport-backend-cct:3.1.8] AndroidManifest.xml:29:13-103
146            android:exported="false" >
146-->[com.google.android.datatransport:transport-backend-cct:3.1.8] AndroidManifest.xml:30:13-37
147            <meta-data
147-->[com.google.android.datatransport:transport-backend-cct:3.1.8] AndroidManifest.xml:31:13-33:39
148                android:name="backend:com.google.android.datatransport.cct.CctBackendFactory"
148-->[com.google.android.datatransport:transport-backend-cct:3.1.8] AndroidManifest.xml:32:17-94
149                android:value="cct" />
149-->[com.google.android.datatransport:transport-backend-cct:3.1.8] AndroidManifest.xml:33:17-36
150        </service>
151        <service
151-->[com.google.android.datatransport:transport-runtime:3.1.8] AndroidManifest.xml:26:9-30:19
152            android:name="com.google.android.datatransport.runtime.scheduling.jobscheduling.JobInfoSchedulerService"
152-->[com.google.android.datatransport:transport-runtime:3.1.8] AndroidManifest.xml:27:13-117
153            android:exported="false"
153-->[com.google.android.datatransport:transport-runtime:3.1.8] AndroidManifest.xml:28:13-37
154            android:permission="android.permission.BIND_JOB_SERVICE" >
154-->[com.google.android.datatransport:transport-runtime:3.1.8] AndroidManifest.xml:29:13-69
155        </service>
156
157        <receiver
157-->[com.google.android.datatransport:transport-runtime:3.1.8] AndroidManifest.xml:32:9-34:40
158            android:name="com.google.android.datatransport.runtime.scheduling.jobscheduling.AlarmManagerSchedulerBroadcastReceiver"
158-->[com.google.android.datatransport:transport-runtime:3.1.8] AndroidManifest.xml:33:13-132
159            android:exported="false" />
159-->[com.google.android.datatransport:transport-runtime:3.1.8] AndroidManifest.xml:34:13-37
160
161        <provider
161-->[com.google.firebase:firebase-common:20.3.2] AndroidManifest.xml:25:9-30:39
162            android:name="com.google.firebase.provider.FirebaseInitProvider"
162-->[com.google.firebase:firebase-common:20.3.2] AndroidManifest.xml:26:13-77
163            android:authorities="com.example.rick_morty_test.firebaseinitprovider"
163-->[com.google.firebase:firebase-common:20.3.2] AndroidManifest.xml:27:13-72
164            android:directBootAware="true"
164-->[com.google.firebase:firebase-common:20.3.2] AndroidManifest.xml:28:13-43
165            android:exported="false"
165-->[com.google.firebase:firebase-common:20.3.2] AndroidManifest.xml:29:13-37
166            android:initOrder="100" />
166-->[com.google.firebase:firebase-common:20.3.2] AndroidManifest.xml:30:13-36
167
168        <activity
168-->[com.google.android.gms:play-services-base:18.0.1] AndroidManifest.xml:20:9-22:45
169            android:name="com.google.android.gms.common.api.GoogleApiActivity"
169-->[com.google.android.gms:play-services-base:18.0.1] AndroidManifest.xml:20:19-85
170            android:exported="false"
170-->[com.google.android.gms:play-services-base:18.0.1] AndroidManifest.xml:22:19-43
171            android:theme="@android:style/Theme.Translucent.NoTitleBar" />
171-->[com.google.android.gms:play-services-base:18.0.1] AndroidManifest.xml:21:19-78
172
173        <meta-data
173-->[com.google.android.gms:play-services-basement:18.1.0] AndroidManifest.xml:21:9-23:69
174            android:name="com.google.android.gms.version"
174-->[com.google.android.gms:play-services-basement:18.1.0] AndroidManifest.xml:22:13-58
175            android:value="@integer/google_play_services_version" />
175-->[com.google.android.gms:play-services-basement:18.1.0] AndroidManifest.xml:23:13-66
176    </application>
177
178</manifest>